  src.cpp
C:\Users\think\Documents\GitHub\MetaKit\MetaKit\lib\tuple.h(48,12): error C2440: 'static_cast': cannot convert from 'T' to 'type_list<const char *> &'
C:\Users\think\Documents\GitHub\MetaKit\MetaKit\lib\tuple.h(48,12): error C2440:         with
C:\Users\think\Documents\GitHub\MetaKit\MetaKit\lib\tuple.h(48,12): error C2440:         [
C:\Users\think\Documents\GitHub\MetaKit\MetaKit\lib\tuple.h(48,12): error C2440:             T=tup::tuple<double,int,const char *>
C:\Users\think\Documents\GitHub\MetaKit\MetaKit\lib\tuple.h(48,12): error C2440:         ]
  (compiling source file 'src.cpp')
      C:\Users\think\Documents\GitHub\MetaKit\MetaKit\lib\tuple.h(48,12):
      static_cast and safe_cast to reference can only be used for valid initializations or for lvalue casts between related classes
      C:\Users\think\Documents\GitHub\MetaKit\MetaKit\lib\tuple.h(48,12):
      the template instantiation context (the oldest one first) is
          C:\Users\think\Documents\GitHub\MetaKit\MetaKit\src\src.cpp(22,15):
          see reference to function template instantiation 'decltype(auto) tup::get<2,tup::tuple<double,int,const char *>>(tuple &)' being compiled
          with
          [
              tuple=tup::tuple<double,int,const char *>
          ]
          C:\Users\think\Documents\GitHub\MetaKit\MetaKit\lib\tuple.h(61,59):
          see reference to function template instantiation 'decltype(auto) tup::detail::get_impl<0,type_list<const char *>>::get<tuple>(T &)' being compiled
          with
          [
              tuple=tup::tuple<double,int,const char *>,
              T=tup::tuple<double,int,const char *>
          ]
  
C:\Users\think\Documents\GitHub\MetaKit\MetaKit\src\src.cpp(22,7): error C2679: binary '<<': no operator found which takes a right-hand operand of type 'void' (or there is no acceptable conversion)
      C:\Program Files\Microsoft Visual Studio\2022\Community\VC\Tools\MSVC\14.41.34120\include\ostream(486,39):
      could be 'std::basic_ostream<char,std::char_traits<char>> &std::basic_ostream<char,std::char_traits<char>>::operator <<(std::basic_streambuf<char,std::char_traits<char>> *)'
          C:\Users\think\Documents\GitHub\MetaKit\MetaKit\src\src.cpp(22,7):
          'std::basic_ostream<char,std::char_traits<char>> &std::basic_ostream<char,std::char_traits<char>>::operator <<(std::basic_streambuf<char,std::char_traits<char>> *)': cannot convert argument 2 from 'void' to 'std::basic_streambuf<char,std::char_traits<char>> *'
              C:\Users\think\Documents\GitHub\MetaKit\MetaKit\src\src.cpp(22,21):
              Expressions of type void cannot be converted to other types
      C:\Program Files\Microsoft Visual Studio\2022\Community\VC\Tools\MSVC\14.41.34120\include\ostream(454,39):
      or       'std::basic_ostream<char,std::char_traits<char>> &std::basic_ostream<char,std::char_traits<char>>::operator <<(const void *)'
          C:\Users\think\Documents\GitHub\MetaKit\MetaKit\src\src.cpp(22,7):
          'std::basic_ostream<char,std::char_traits<char>> &std::basic_ostream<char,std::char_traits<char>>::operator <<(const void *)': cannot convert argument 2 from 'void' to 'const void *'
              C:\Users\think\Documents\GitHub\MetaKit\MetaKit\src\src.cpp(22,21):
              Expressions of type void cannot be converted to other types
      C:\Program Files\Microsoft Visual Studio\2022\Community\VC\Tools\MSVC\14.41.34120\include\ostream(436,39):
      or       'std::basic_ostream<char,std::char_traits<char>> &std::basic_ostream<char,std::char_traits<char>>::operator <<(long double)'
          C:\Users\think\Documents\GitHub\MetaKit\MetaKit\src\src.cpp(22,7):
          'std::basic_ostream<char,std::char_traits<char>> &std::basic_ostream<char,std::char_traits<char>>::operator <<(long double)': cannot convert argument 2 from 'void' to 'long double'
              C:\Users\think\Documents\GitHub\MetaKit\MetaKit\src\src.cpp(22,21):
              Expressions of type void cannot be converted to other types
      C:\Program Files\Microsoft Visual Studio\2022\Community\VC\Tools\MSVC\14.41.34120\include\ostream(418,39):
      or       'std::basic_ostream<char,std::char_traits<char>> &std::basic_ostream<char,std::char_traits<char>>::operator <<(double)'
          C:\Users\think\Documents\GitHub\MetaKit\MetaKit\src\src.cpp(22,7):
          'std::basic_ostream<char,std::char_traits<char>> &std::basic_ostream<char,std::char_traits<char>>::operator <<(double)': cannot convert argument 2 from 'void' to 'double'
              C:\Users\think\Documents\GitHub\MetaKit\MetaKit\src\src.cpp(22,21):
              Expressions of type void cannot be converted to other types
      C:\Program Files\Microsoft Visual Studio\2022\Community\VC\Tools\MSVC\14.41.34120\include\ostream(400,39):
      or       'std::basic_ostream<char,std::char_traits<char>> &std::basic_ostream<char,std::char_traits<char>>::operator <<(float)'
          C:\Users\think\Documents\GitHub\MetaKit\MetaKit\src\src.cpp(22,7):
          'std::basic_ostream<char,std::char_traits<char>> &std::basic_ostream<char,std::char_traits<char>>::operator <<(float)': cannot convert argument 2 from 'void' to 'float'
              C:\Users\think\Documents\GitHub\MetaKit\MetaKit\src\src.cpp(22,21):
              Expressions of type void cannot be converted to other types
      C:\Program Files\Microsoft Visual Studio\2022\Community\VC\Tools\MSVC\14.41.34120\include\ostream(382,39):
      or       'std::basic_ostream<char,std::char_traits<char>> &std::basic_ostream<char,std::char_traits<char>>::operator <<(unsigned __int64)'
          C:\Users\think\Documents\GitHub\MetaKit\MetaKit\src\src.cpp(22,7):
          'std::basic_ostream<char,std::char_traits<char>> &std::basic_ostream<char,std::char_traits<char>>::operator <<(unsigned __int64)': cannot convert argument 2 from 'void' to 'unsigned __int64'
              C:\Users\think\Documents\GitHub\MetaKit\MetaKit\src\src.cpp(22,21):
              Expressions of type void cannot be converted to other types
      C:\Program Files\Microsoft Visual Studio\2022\Community\VC\Tools\MSVC\14.41.34120\include\ostream(364,39):
      or       'std::basic_ostream<char,std::char_traits<char>> &std::basic_ostream<char,std::char_traits<char>>::operator <<(__int64)'
          C:\Users\think\Documents\GitHub\MetaKit\MetaKit\src\src.cpp(22,7):
          'std::basic_ostream<char,std::char_traits<char>> &std::basic_ostream<char,std::char_traits<char>>::operator <<(__int64)': cannot convert argument 2 from 'void' to '__int64'
              C:\Users\think\Documents\GitHub\MetaKit\MetaKit\src\src.cpp(22,21):
              Expressions of type void cannot be converted to other types
      C:\Program Files\Microsoft Visual Studio\2022\Community\VC\Tools\MSVC\14.41.34120\include\ostream(346,39):
      or       'std::basic_ostream<char,std::char_traits<char>> &std::basic_ostream<char,std::char_traits<char>>::operator <<(unsigned long)'
          C:\Users\think\Documents\GitHub\MetaKit\MetaKit\src\src.cpp(22,7):
          'std::basic_ostream<char,std::char_traits<char>> &std::basic_ostream<char,std::char_traits<char>>::operator <<(unsigned long)': cannot convert argument 2 from 'void' to 'unsigned long'
              C:\Users\think\Documents\GitHub\MetaKit\MetaKit\src\src.cpp(22,21):
              Expressions of type void cannot be converted to other types
      C:\Program Files\Microsoft Visual Studio\2022\Community\VC\Tools\MSVC\14.41.34120\include\ostream(328,39):
      or       'std::basic_ostream<char,std::char_traits<char>> &std::basic_ostream<char,std::char_traits<char>>::operator <<(long)'
          C:\Users\think\Documents\GitHub\MetaKit\MetaKit\src\src.cpp(22,7):
          'std::basic_ostream<char,std::char_traits<char>> &std::basic_ostream<char,std::char_traits<char>>::operator <<(long)': cannot convert argument 2 from 'void' to 'long'
              C:\Users\think\Documents\GitHub\MetaKit\MetaKit\src\src.cpp(22,21):
              Expressions of type void cannot be converted to other types
      C:\Program Files\Microsoft Visual Studio\2022\Community\VC\Tools\MSVC\14.41.34120\include\ostream(309,39):
      or       'std::basic_ostream<char,std::char_traits<char>> &std::basic_ostream<char,std::char_traits<char>>::operator <<(unsigned int)'
          C:\Users\think\Documents\GitHub\MetaKit\MetaKit\src\src.cpp(22,7):
          'std::basic_ostream<char,std::char_traits<char>> &std::basic_ostream<char,std::char_traits<char>>::operator <<(unsigned int)': cannot convert argument 2 from 'void' to 'unsigned int'
              C:\Users\think\Documents\GitHub\MetaKit\MetaKit\src\src.cpp(22,21):
              Expressions of type void cannot be converted to other types
      C:\Program Files\Microsoft Visual Studio\2022\Community\VC\Tools\MSVC\14.41.34120\include\ostream(283,39):
      or       'std::basic_ostream<char,std::char_traits<char>> &std::basic_ostream<char,std::char_traits<char>>::operator <<(int)'
          C:\Users\think\Documents\GitHub\MetaKit\MetaKit\src\src.cpp(22,7):
          'std::basic_ostream<char,std::char_traits<char>> &std::basic_ostream<char,std::char_traits<char>>::operator <<(int)': cannot convert argument 2 from 'void' to 'int'
              C:\Users\think\Documents\GitHub\MetaKit\MetaKit\src\src.cpp(22,21):
              Expressions of type void cannot be converted to other types
      C:\Program Files\Microsoft Visual Studio\2022\Community\VC\Tools\MSVC\14.41.34120\include\ostream(264,39):
      or       'std::basic_ostream<char,std::char_traits<char>> &std::basic_ostream<char,std::char_traits<char>>::operator <<(unsigned short)'
          C:\Users\think\Documents\GitHub\MetaKit\MetaKit\src\src.cpp(22,7):
          'std::basic_ostream<char,std::char_traits<char>> &std::basic_ostream<char,std::char_traits<char>>::operator <<(unsigned short)': cannot convert argument 2 from 'void' to 'unsigned short'
              C:\Users\think\Documents\GitHub\MetaKit\MetaKit\src\src.cpp(22,21):
              Expressions of type void cannot be converted to other types
      C:\Program Files\Microsoft Visual Studio\2022\Community\VC\Tools\MSVC\14.41.34120\include\ostream(230,39):
      or       'std::basic_ostream<char,std::char_traits<char>> &std::basic_ostream<char,std::char_traits<char>>::operator <<(short)'
          C:\Users\think\Documents\GitHub\MetaKit\MetaKit\src\src.cpp(22,7):
          'std::basic_ostream<char,std::char_traits<char>> &std::basic_ostream<char,std::char_traits<char>>::operator <<(short)': cannot convert argument 2 from 'void' to 'short'
              C:\Users\think\Documents\GitHub\MetaKit\MetaKit\src\src.cpp(22,21):
              Expressions of type void cannot be converted to other types
      C:\Program Files\Microsoft Visual Studio\2022\Community\VC\Tools\MSVC\14.41.34120\include\ostream(212,39):
      or       'std::basic_ostream<char,std::char_traits<char>> &std::basic_ostream<char,std::char_traits<char>>::operator <<(bool)'
          C:\Users\think\Documents\GitHub\MetaKit\MetaKit\src\src.cpp(22,7):
          'std::basic_ostream<char,std::char_traits<char>> &std::basic_ostream<char,std::char_traits<char>>::operator <<(bool)': cannot convert argument 2 from 'void' to 'bool'
              C:\Users\think\Documents\GitHub\MetaKit\MetaKit\src\src.cpp(22,21):
              Expressions of type void cannot be converted to other types
      C:\Program Files\Microsoft Visual Studio\2022\Community\VC\Tools\MSVC\14.41.34120\include\ostream(206,39):
      or       'std::basic_ostream<char,std::char_traits<char>> &std::basic_ostream<char,std::char_traits<char>>::operator <<(std::ios_base &(__cdecl *)(std::ios_base &))'
          C:\Users\think\Documents\GitHub\MetaKit\MetaKit\src\src.cpp(22,7):
          'std::basic_ostream<char,std::char_traits<char>> &std::basic_ostream<char,std::char_traits<char>>::operator <<(std::ios_base &(__cdecl *)(std::ios_base &))': cannot convert argument 2 from 'void' to 'std::ios_base &(__cdecl *)(std::ios_base &)'
              C:\Users\think\Documents\GitHub\MetaKit\MetaKit\src\src.cpp(22,21):
              Expressions of type void cannot be converted to other types
      C:\Program Files\Microsoft Visual Studio\2022\Community\VC\Tools\MSVC\14.41.34120\include\ostream(200,39):
      or       'std::basic_ostream<char,std::char_traits<char>> &std::basic_ostream<char,std::char_traits<char>>::operator <<(std::basic_ios<char,std::char_traits<char>> &(__cdecl *)(std::basic_ios<char,std::char_traits<char>> &))'
          C:\Users\think\Documents\GitHub\MetaKit\MetaKit\src\src.cpp(22,7):
          'std::basic_ostream<char,std::char_traits<char>> &std::basic_ostream<char,std::char_traits<char>>::operator <<(std::basic_ios<char,std::char_traits<char>> &(__cdecl *)(std::basic_ios<char,std::char_traits<char>> &))': cannot convert argument 2 from 'void' to 'std::basic_ios<char,std::char_traits<char>> &(__cdecl *)(std::basic_ios<char,std::char_traits<char>> &)'
              C:\Users\think\Documents\GitHub\MetaKit\MetaKit\src\src.cpp(22,21):
              Expressions of type void cannot be converted to other types
      C:\Program Files\Microsoft Visual Studio\2022\Community\VC\Tools\MSVC\14.41.34120\include\ostream(195,39):
      or       'std::basic_ostream<char,std::char_traits<char>> &std::basic_ostream<char,std::char_traits<char>>::operator <<(std::basic_ostream<char,std::char_traits<char>> &(__cdecl *)(std::basic_ostream<char,std::char_traits<char>> &))'
          C:\Users\think\Documents\GitHub\MetaKit\MetaKit\src\src.cpp(22,7):
          'std::basic_ostream<char,std::char_traits<char>> &std::basic_ostream<char,std::char_traits<char>>::operator <<(std::basic_ostream<char,std::char_traits<char>> &(__cdecl *)(std::basic_ostream<char,std::char_traits<char>> &))': cannot convert argument 2 from 'void' to 'std::basic_ostream<char,std::char_traits<char>> &(__cdecl *)(std::basic_ostream<char,std::char_traits<char>> &)'
              C:\Users\think\Documents\GitHub\MetaKit\MetaKit\src\src.cpp(22,21):
              Expressions of type void cannot be converted to other types
      C:\Program Files\Microsoft Visual Studio\2022\Community\VC\Tools\MSVC\14.41.34120\include\ostream(481,20):
      or       'std::basic_ostream<char,std::char_traits<char>> &std::basic_ostream<char,std::char_traits<char>>::operator <<(std::nullptr_t)'
          C:\Users\think\Documents\GitHub\MetaKit\MetaKit\src\src.cpp(22,21):
          'initializing': cannot convert from 'void' to 'std::nullptr_t'
              C:\Users\think\Documents\GitHub\MetaKit\MetaKit\src\src.cpp(22,21):
              nullptr can only be converted to pointer or handle types
      C:\Program Files\Microsoft Visual Studio\2022\Community\VC\Tools\MSVC\14.41.34120\include\cstddef(37,27):
      or       'std::byte std::operator <<(const std::byte,const _IntType) noexcept'
          C:\Users\think\Documents\GitHub\MetaKit\MetaKit\src\src.cpp(22,7):
          'std::byte std::operator <<(const std::byte,const _IntType) noexcept': could not deduce template argument for '__formal'
              C:\Program Files\Microsoft Visual Studio\2022\Community\VC\Tools\MSVC\14.41.34120\include\cstddef(36,39):
              'std::enable_if_t<false,int>' : Failed to specialize alias template
      C:\Program Files\Microsoft Visual Studio\2022\Community\VC\Tools\MSVC\14.41.34120\include\memory(1979,32):
      or       'std::basic_ostream<_Elem,_Traits> &std::operator <<(std::basic_ostream<_Elem,_Traits> &,const std::shared_ptr<_Ty> &)'
          C:\Users\think\Documents\GitHub\MetaKit\MetaKit\src\src.cpp(22,7):
          'std::basic_ostream<_Elem,_Traits> &std::operator <<(std::basic_ostream<_Elem,_Traits> &,const std::shared_ptr<_Ty> &)': could not deduce template argument for 'const std::shared_ptr<_Ty> &' from 'void'
      C:\Program Files\Microsoft Visual Studio\2022\Community\VC\Tools\MSVC\14.41.34120\include\memory(3761,32):
      or       'std::basic_ostream<_Elem,_Traits> &std::operator <<(std::basic_ostream<_Elem,_Traits> &,const std::unique_ptr<_Ty2,_Dx2> &)'
          C:\Users\think\Documents\GitHub\MetaKit\MetaKit\src\src.cpp(22,7):
          'std::basic_ostream<_Elem,_Traits> &std::operator <<(std::basic_ostream<_Elem,_Traits> &,const std::unique_ptr<_Ty2,_Dx2> &)': could not deduce template argument for 'const std::unique_ptr<_Ty2,_Dx2> &' from 'void'
      C:\Program Files\Microsoft Visual Studio\2022\Community\VC\Tools\MSVC\14.41.34120\include\__msvc_string_view.hpp(1779,32):
      or       'std::basic_ostream<_Elem,_Traits> &std::operator <<(std::basic_ostream<_Elem,_Traits> &,const std::basic_string_view<_Elem,_Traits>)'
          C:\Users\think\Documents\GitHub\MetaKit\MetaKit\src\src.cpp(22,7):
          'std::basic_ostream<_Elem,_Traits> &std::operator <<(std::basic_ostream<_Elem,_Traits> &,const std::basic_string_view<_Elem,_Traits>)': could not deduce template argument for 'const std::basic_string_view<_Elem,_Traits>' from 'void'
      C:\Program Files\Microsoft Visual Studio\2022\Community\VC\Tools\MSVC\14.41.34120\include\xstring(3420,32):
      or       'std::basic_ostream<_Elem,_Traits> &std::operator <<(std::basic_ostream<_Elem,_Traits> &,const std::basic_string<_Elem,_Traits,_Alloc> &)'
          C:\Users\think\Documents\GitHub\MetaKit\MetaKit\src\src.cpp(22,7):
          'std::basic_ostream<_Elem,_Traits> &std::operator <<(std::basic_ostream<_Elem,_Traits> &,const std::basic_string<_Elem,_Traits,_Alloc> &)': could not deduce template argument for 'const std::basic_string<_Elem,_Traits,_Alloc> &' from 'void'
      C:\Program Files\Microsoft Visual Studio\2022\Community\VC\Tools\MSVC\14.41.34120\include\ostream(694,32):
      or       'std::basic_ostream<_Elem,_Traits> &std::operator <<(std::basic_ostream<_Elem,_Traits> &,const char *)'
          C:\Users\think\Documents\GitHub\MetaKit\MetaKit\src\src.cpp(22,21):
          'initializing': cannot convert from 'void' to 'const char *'
              C:\Users\think\Documents\GitHub\MetaKit\MetaKit\src\src.cpp(22,21):
              Expressions of type void cannot be converted to other types
      C:\Program Files\Microsoft Visual Studio\2022\Community\VC\Tools\MSVC\14.41.34120\include\ostream(738,32):
      or       'std::basic_ostream<_Elem,_Traits> &std::operator <<(std::basic_ostream<_Elem,_Traits> &,char)'
          C:\Users\think\Documents\GitHub\MetaKit\MetaKit\src\src.cpp(22,21):
          'initializing': cannot convert from 'void' to 'char'
              C:\Users\think\Documents\GitHub\MetaKit\MetaKit\src\src.cpp(22,21):
              Expressions of type void cannot be converted to other types
      C:\Program Files\Microsoft Visual Studio\2022\Community\VC\Tools\MSVC\14.41.34120\include\ostream(774,31):
      or       'std::basic_ostream<char,_Traits> &std::operator <<(std::basic_ostream<char,_Traits> &,const char *)'
          C:\Users\think\Documents\GitHub\MetaKit\MetaKit\src\src.cpp(22,21):
          'initializing': cannot convert from 'void' to 'const char *'
              C:\Users\think\Documents\GitHub\MetaKit\MetaKit\src\src.cpp(22,21):
              Expressions of type void cannot be converted to other types
      C:\Program Files\Microsoft Visual Studio\2022\Community\VC\Tools\MSVC\14.41.34120\include\ostream(819,31):
      or       'std::basic_ostream<char,_Traits> &std::operator <<(std::basic_ostream<char,_Traits> &,char)'
          C:\Users\think\Documents\GitHub\MetaKit\MetaKit\src\src.cpp(22,21):
          'initializing': cannot convert from 'void' to 'char'
              C:\Users\think\Documents\GitHub\MetaKit\MetaKit\src\src.cpp(22,21):
              Expressions of type void cannot be converted to other types
      C:\Program Files\Microsoft Visual Studio\2022\Community\VC\Tools\MSVC\14.41.34120\include\ostream(857,32):
      or       'std::basic_ostream<_Elem,_Traits> &std::operator <<(std::basic_ostream<_Elem,_Traits> &,const _Elem *)'
          C:\Users\think\Documents\GitHub\MetaKit\MetaKit\src\src.cpp(22,7):
          'std::basic_ostream<_Elem,_Traits> &std::operator <<(std::basic_ostream<_Elem,_Traits> &,const _Elem *)': could not deduce template argument for 'const _Elem *' from 'void'
      C:\Program Files\Microsoft Visual Studio\2022\Community\VC\Tools\MSVC\14.41.34120\include\ostream(900,32):
      or       'std::basic_ostream<_Elem,_Traits> &std::operator <<(std::basic_ostream<_Elem,_Traits> &,_Elem)'
          C:\Users\think\Documents\GitHub\MetaKit\MetaKit\src\src.cpp(22,7):
          'std::basic_ostream<_Elem,_Traits> &std::operator <<(std::basic_ostream<_Elem,_Traits> &,_Elem)': template parameter '_Elem' is ambiguous
              C:\Users\think\Documents\GitHub\MetaKit\MetaKit\src\src.cpp(22,7):
              could be 'void'
              C:\Users\think\Documents\GitHub\MetaKit\MetaKit\src\src.cpp(22,7):
              or       'char'
          C:\Users\think\Documents\GitHub\MetaKit\MetaKit\src\src.cpp(22,7):
          'std::basic_ostream<_Elem,_Traits> &std::operator <<(std::basic_ostream<_Elem,_Traits> &,_Elem)': could not deduce template argument for '_Elem' from 'void'
      C:\Program Files\Microsoft Visual Studio\2022\Community\VC\Tools\MSVC\14.41.34120\include\ostream(936,31):
      or       'std::basic_ostream<char,_Traits> &std::operator <<(std::basic_ostream<char,_Traits> &,const signed char *)'
          C:\Users\think\Documents\GitHub\MetaKit\MetaKit\src\src.cpp(22,21):
          'initializing': cannot convert from 'void' to 'const signed char *'
              C:\Users\think\Documents\GitHub\MetaKit\MetaKit\src\src.cpp(22,21):
              Expressions of type void cannot be converted to other types
      C:\Program Files\Microsoft Visual Studio\2022\Community\VC\Tools\MSVC\14.41.34120\include\ostream(942,31):
      or       'std::basic_ostream<char,_Traits> &std::operator <<(std::basic_ostream<char,_Traits> &,signed char)'
          C:\Users\think\Documents\GitHub\MetaKit\MetaKit\src\src.cpp(22,21):
          'initializing': cannot convert from 'void' to 'signed char'
              C:\Users\think\Documents\GitHub\MetaKit\MetaKit\src\src.cpp(22,21):
              Expressions of type void cannot be converted to other types
      C:\Program Files\Microsoft Visual Studio\2022\Community\VC\Tools\MSVC\14.41.34120\include\ostream(947,31):
      or       'std::basic_ostream<char,_Traits> &std::operator <<(std::basic_ostream<char,_Traits> &,const unsigned char *)'
          C:\Users\think\Documents\GitHub\MetaKit\MetaKit\src\src.cpp(22,21):
          'initializing': cannot convert from 'void' to 'const unsigned char *'
              C:\Users\think\Documents\GitHub\MetaKit\MetaKit\src\src.cpp(22,21):
              Expressions of type void cannot be converted to other types
      C:\Program Files\Microsoft Visual Studio\2022\Community\VC\Tools\MSVC\14.41.34120\include\ostream(953,31):
      or       'std::basic_ostream<char,_Traits> &std::operator <<(std::basic_ostream<char,_Traits> &,unsigned char)'
          C:\Users\think\Documents\GitHub\MetaKit\MetaKit\src\src.cpp(22,21):
          'initializing': cannot convert from 'void' to 'unsigned char'
              C:\Users\think\Documents\GitHub\MetaKit\MetaKit\src\src.cpp(22,21):
              Expressions of type void cannot be converted to other types
      C:\Program Files\Microsoft Visual Studio\2022\Community\VC\Tools\MSVC\14.41.34120\include\ostream(961,31):
      or       'std::basic_ostream<char,_Traits> &std::operator <<(std::basic_ostream<char,_Traits> &,const char8_t *)'
          C:\Users\think\Documents\GitHub\MetaKit\MetaKit\src\src.cpp(22,21):
          'initializing': cannot convert from 'void' to 'const char8_t *'
              C:\Users\think\Documents\GitHub\MetaKit\MetaKit\src\src.cpp(22,21):
              Expressions of type void cannot be converted to other types
      C:\Program Files\Microsoft Visual Studio\2022\Community\VC\Tools\MSVC\14.41.34120\include\ostream(963,34):
      or       'std::basic_ostream<wchar_t,_Traits> &std::operator <<(std::basic_ostream<wchar_t,_Traits> &,const char8_t *)'
          C:\Users\think\Documents\GitHub\MetaKit\MetaKit\src\src.cpp(22,7):
          'std::basic_ostream<wchar_t,_Traits> &std::operator <<(std::basic_ostream<wchar_t,_Traits> &,const char8_t *)': could not deduce template argument for 'std::basic_ostream<wchar_t,_Traits> &' from 'std::ostream'
      C:\Program Files\Microsoft Visual Studio\2022\Community\VC\Tools\MSVC\14.41.34120\include\ostream(967,31):
      or       'std::basic_ostream<char,_Traits> &std::operator <<(std::basic_ostream<char,_Traits> &,char8_t)'
          C:\Users\think\Documents\GitHub\MetaKit\MetaKit\src\src.cpp(22,21):
          'initializing': cannot convert from 'void' to 'char8_t'
              C:\Users\think\Documents\GitHub\MetaKit\MetaKit\src\src.cpp(22,21):
              Expressions of type void cannot be converted to other types
      C:\Program Files\Microsoft Visual Studio\2022\Community\VC\Tools\MSVC\14.41.34120\include\ostream(969,34):
      or       'std::basic_ostream<wchar_t,_Traits> &std::operator <<(std::basic_ostream<wchar_t,_Traits> &,char8_t)'
          C:\Users\think\Documents\GitHub\MetaKit\MetaKit\src\src.cpp(22,7):
          'std::basic_ostream<wchar_t,_Traits> &std::operator <<(std::basic_ostream<wchar_t,_Traits> &,char8_t)': could not deduce template argument for 'std::basic_ostream<wchar_t,_Traits> &' from 'std::ostream'
      C:\Program Files\Microsoft Visual Studio\2022\Community\VC\Tools\MSVC\14.41.34120\include\ostream(975,31):
      or       'std::basic_ostream<char,_Traits> &std::operator <<(std::basic_ostream<char,_Traits> &,wchar_t)'
          C:\Users\think\Documents\GitHub\MetaKit\MetaKit\src\src.cpp(22,21):
          'initializing': cannot convert from 'void' to 'wchar_t'
              C:\Users\think\Documents\GitHub\MetaKit\MetaKit\src\src.cpp(22,21):
              Expressions of type void cannot be converted to other types
      C:\Program Files\Microsoft Visual Studio\2022\Community\VC\Tools\MSVC\14.41.34120\include\ostream(978,31):
      or       'std::basic_ostream<char,_Traits> &std::operator <<(std::basic_ostream<char,_Traits> &,const wchar_t *)'
          C:\Users\think\Documents\GitHub\MetaKit\MetaKit\src\src.cpp(22,21):
          'initializing': cannot convert from 'void' to 'const wchar_t *'
              C:\Users\think\Documents\GitHub\MetaKit\MetaKit\src\src.cpp(22,21):
              Expressions of type void cannot be converted to other types
      C:\Program Files\Microsoft Visual Studio\2022\Community\VC\Tools\MSVC\14.41.34120\include\ostream(982,31):
      or       'std::basic_ostream<char,_Traits> &std::operator <<(std::basic_ostream<char,_Traits> &,char16_t)'
          C:\Users\think\Documents\GitHub\MetaKit\MetaKit\src\src.cpp(22,21):
          'initializing': cannot convert from 'void' to 'char16_t'
              C:\Users\think\Documents\GitHub\MetaKit\MetaKit\src\src.cpp(22,21):
              Expressions of type void cannot be converted to other types
      C:\Program Files\Microsoft Visual Studio\2022\Community\VC\Tools\MSVC\14.41.34120\include\ostream(984,31):
      or       'std::basic_ostream<char,_Traits> &std::operator <<(std::basic_ostream<char,_Traits> &,char32_t)'
          C:\Users\think\Documents\GitHub\MetaKit\MetaKit\src\src.cpp(22,21):
          'initializing': cannot convert from 'void' to 'char32_t'
              C:\Users\think\Documents\GitHub\MetaKit\MetaKit\src\src.cpp(22,21):
              Expressions of type void cannot be converted to other types
      C:\Program Files\Microsoft Visual Studio\2022\Community\VC\Tools\MSVC\14.41.34120\include\ostream(987,34):
      or       'std::basic_ostream<wchar_t,_Traits> &std::operator <<(std::basic_ostream<wchar_t,_Traits> &,char16_t)'
          C:\Users\think\Documents\GitHub\MetaKit\MetaKit\src\src.cpp(22,7):
          'std::basic_ostream<wchar_t,_Traits> &std::operator <<(std::basic_ostream<wchar_t,_Traits> &,char16_t)': could not deduce template argument for 'std::basic_ostream<wchar_t,_Traits> &' from 'std::ostream'
      C:\Program Files\Microsoft Visual Studio\2022\Community\VC\Tools\MSVC\14.41.34120\include\ostream(989,34):
      or       'std::basic_ostream<wchar_t,_Traits> &std::operator <<(std::basic_ostream<wchar_t,_Traits> &,char32_t)'
          C:\Users\think\Documents\GitHub\MetaKit\MetaKit\src\src.cpp(22,7):
          'std::basic_ostream<wchar_t,_Traits> &std::operator <<(std::basic_ostream<wchar_t,_Traits> &,char32_t)': could not deduce template argument for 'std::basic_ostream<wchar_t,_Traits> &' from 'std::ostream'
      C:\Program Files\Microsoft Visual Studio\2022\Community\VC\Tools\MSVC\14.41.34120\include\ostream(992,31):
      or       'std::basic_ostream<char,_Traits> &std::operator <<(std::basic_ostream<char,_Traits> &,const char16_t *)'
          C:\Users\think\Documents\GitHub\MetaKit\MetaKit\src\src.cpp(22,21):
          'initializing': cannot convert from 'void' to 'const char16_t *'
              C:\Users\think\Documents\GitHub\MetaKit\MetaKit\src\src.cpp(22,21):
              Expressions of type void cannot be converted to other types
      C:\Program Files\Microsoft Visual Studio\2022\Community\VC\Tools\MSVC\14.41.34120\include\ostream(994,31):
      or       'std::basic_ostream<char,_Traits> &std::operator <<(std::basic_ostream<char,_Traits> &,const char32_t *)'
          C:\Users\think\Documents\GitHub\MetaKit\MetaKit\src\src.cpp(22,21):
          'initializing': cannot convert from 'void' to 'const char32_t *'
              C:\Users\think\Documents\GitHub\MetaKit\MetaKit\src\src.cpp(22,21):
              Expressions of type void cannot be converted to other types
      C:\Program Files\Microsoft Visual Studio\2022\Community\VC\Tools\MSVC\14.41.34120\include\ostream(997,34):
      or       'std::basic_ostream<wchar_t,_Traits> &std::operator <<(std::basic_ostream<wchar_t,_Traits> &,const char16_t *)'
          C:\Users\think\Documents\GitHub\MetaKit\MetaKit\src\src.cpp(22,7):
          'std::basic_ostream<wchar_t,_Traits> &std::operator <<(std::basic_ostream<wchar_t,_Traits> &,const char16_t *)': could not deduce template argument for 'std::basic_ostream<wchar_t,_Traits> &' from 'std::ostream'
      C:\Program Files\Microsoft Visual Studio\2022\Community\VC\Tools\MSVC\14.41.34120\include\ostream(999,34):
      or       'std::basic_ostream<wchar_t,_Traits> &std::operator <<(std::basic_ostream<wchar_t,_Traits> &,const char32_t *)'
          C:\Users\think\Documents\GitHub\MetaKit\MetaKit\src\src.cpp(22,7):
          'std::basic_ostream<wchar_t,_Traits> &std::operator <<(std::basic_ostream<wchar_t,_Traits> &,const char32_t *)': could not deduce template argument for 'std::basic_ostream<wchar_t,_Traits> &' from 'std::ostream'
      C:\Program Files\Microsoft Visual Studio\2022\Community\VC\Tools\MSVC\14.41.34120\include\ostream(1011,9):
      or       '_Ostr &&std::operator <<(_Ostr &&,const _Ty &)'
          C:\Users\think\Documents\GitHub\MetaKit\MetaKit\src\src.cpp(22,7):
          '_Ostr &&std::operator <<(_Ostr &&,const _Ty &)': could not deduce template argument for '__formal'
              C:\Program Files\Microsoft Visual Studio\2022\Community\VC\Tools\MSVC\14.41.34120\include\ostream(1010,103):
              '<template-parameter>': you cannot create a pointer to a reference
      C:\Program Files\Microsoft Visual Studio\2022\Community\VC\Tools\MSVC\14.41.34120\include\ostream(1088,32):
      or       'std::basic_ostream<_Elem,_Traits> &std::operator <<(std::basic_ostream<_Elem,_Traits> &,const std::error_code &)'
          C:\Users\think\Documents\GitHub\MetaKit\MetaKit\src\src.cpp(22,21):
          'initializing': cannot convert from 'void' to 'const std::error_code &'
              C:\Users\think\Documents\GitHub\MetaKit\MetaKit\src\src.cpp(22,21):
              Expressions of type void cannot be converted to other types
      C:\Users\think\Documents\GitHub\MetaKit\MetaKit\src\src.cpp(22,7):
      while trying to match the argument list '(std::ostream, void)'
  
